<?xml version="1.0" encoding="UTF-8"?>
<testsuite xmlns:xsi="http://www.w3.org/2001/XMLSchema-instance" xsi:noNamespaceSchemaLocation="https://maven.apache.org/surefire/maven-surefire-plugin/xsd/surefire-test-report-3.0.xsd" version="3.0" name="pt.tecnico.ulisboa.AuthenticatedPerfectLinkTests" time="14.004" tests="7" errors="0" skipped="0" failures="0">
  <properties>
[...]
</properties>
  <testcase name="testBasicMessageSendingAndReceiving" classname="pt.tecnico.ulisboa.AuthenticatedPerfectLinkTests" time="1.288">
    <system-err><![CDATA[[LOG] Creating shared socket - IP: 127.0.0.1 Port: 8079
|_AplManager.java::38::main

[LOG] Creating shared socket - IP: 127.0.0.1 Port: 8078
|_AplManager.java::38::main

[LOG] Getting or generating secret key
|_APLImpl.java::521::main

[LOG] Generating new secret key
|_APLImpl.java::524::main

[LOG] Port: 8078 Next seqnum: 2
|_APLImpl.java::543::main

[LOG] Sending key: javax.crypto.spec.SecretKeySpec@87a064cf
|_APLImpl.java::548::main

[LOG] 8078) Sending datamessage of seqnum 2
|_APLImpl.java::109::main

[LOG] Received key message
|_APLImpl.java::273::Thread-2

[LOG] Current key: null
|_APLImpl.java::282::Thread-2

[LOG] Received key: javax.crypto.spec.SecretKeySpec@87a064cf
|_APLImpl.java::286::Thread-2

[LOG] Socket closed, stopping listener.
|_AplManager.java::227::Thread-1

[LOG] Socket closed, stopping listener.
|_AplManager.java::227::Thread-2

]]></system-err>
  </testcase>
  <testcase name="testMessagesUniqueAndInOrder" classname="pt.tecnico.ulisboa.AuthenticatedPerfectLinkTests" time="1.243">
    <system-err><![CDATA[[LOG] Creating shared socket - IP: 127.0.0.1 Port: 8079
|_AplManager.java::38::main

[LOG] Creating shared socket - IP: 127.0.0.1 Port: 8078
|_AplManager.java::38::main

[LOG] Getting or generating secret key
|_APLImpl.java::521::main

[LOG] Generating new secret key
|_APLImpl.java::524::main

[LOG] Port: 8078 Next seqnum: 2
|_APLImpl.java::543::main

[LOG] Sending key: javax.crypto.spec.SecretKeySpec@87a064cf
|_APLImpl.java::548::main

[LOG] 8078) Sending datamessage of seqnum 2
|_APLImpl.java::109::main

[LOG] Getting or generating secret key
|_APLImpl.java::521::main

[LOG] Received key message
|_APLImpl.java::273::Thread-4

[LOG] 8078) Sending datamessage of seqnum 3
|_APLImpl.java::109::main

[LOG] Getting or generating secret key
|_APLImpl.java::521::main

[LOG] 8078) Sending datamessage of seqnum 4
|_APLImpl.java::109::main

[LOG] Getting or generating secret key
|_APLImpl.java::521::main

[LOG] 8078) Sending datamessage of seqnum 5
|_APLImpl.java::109::main

[LOG] Current key: null
|_APLImpl.java::282::Thread-4

[LOG] Received key: javax.crypto.spec.SecretKeySpec@87a064cf
|_APLImpl.java::286::Thread-4

[LOG] Getting or generating secret key
|_APLImpl.java::521::main

[LOG] 8078) Sending datamessage of seqnum 6
|_APLImpl.java::109::main

[LOG] Getting or generating secret key
|_APLImpl.java::521::main

[LOG] 8078) Sending datamessage of seqnum 7
|_APLImpl.java::109::main

[LOG] Getting or generating secret key
|_APLImpl.java::521::main

[LOG] 8078) Sending datamessage of seqnum 8
|_APLImpl.java::109::main

[LOG] Getting or generating secret key
|_APLImpl.java::521::main

[LOG] 8078) Sending datamessage of seqnum 9
|_APLImpl.java::109::main

[LOG] Getting or generating secret key
|_APLImpl.java::521::main

[LOG] 8078) Sending datamessage of seqnum 10
|_APLImpl.java::109::main

[LOG] Getting or generating secret key
|_APLImpl.java::521::main

[LOG] 8078) Sending datamessage of seqnum 11
|_APLImpl.java::109::main

[LOG] No APL instance found for sender ID: 2
|_AplManager.java::220::Thread-3

[LOG] No APL instance found for sender ID: 2
|_AplManager.java::220::Thread-3

[LOG] No APL instance found for sender ID: 2
|_AplManager.java::220::Thread-3

[LOG] No APL instance found for sender ID: 2
|_AplManager.java::220::Thread-3

[LOG] No APL instance found for sender ID: 2
|_AplManager.java::220::Thread-3

[LOG] No APL instance found for sender ID: 2
|_AplManager.java::220::Thread-3

[LOG] No APL instance found for sender ID: 2
|_AplManager.java::220::Thread-3

[LOG] Socket closed, stopping listener.
|_AplManager.java::227::Thread-3

]]></system-err>
  </testcase>
  <testcase name="testSameMessageNotConsideredDuplicate" classname="pt.tecnico.ulisboa.AuthenticatedPerfectLinkTests" time="1.85">
    <system-err><![CDATA[[LOG] Socket closed, stopping listener.
|_AplManager.java::227::Thread-4

[LOG] Creating shared socket - IP: 127.0.0.1 Port: 8079
|_AplManager.java::38::main

[LOG] Creating shared socket - IP: 127.0.0.1 Port: 8078
|_AplManager.java::38::main

[LOG] Getting or generating secret key
|_APLImpl.java::521::main

[LOG] Generating new secret key
|_APLImpl.java::524::main

[LOG] Port: 8078 Next seqnum: 2
|_APLImpl.java::543::main

[LOG] Sending key: javax.crypto.spec.SecretKeySpec@87a064cf
|_APLImpl.java::548::main

[LOG] 8078) Sending datamessage of seqnum 2
|_APLImpl.java::109::main

[LOG] Received key message
|_APLImpl.java::273::Thread-6

[LOG] Getting or generating secret key
|_APLImpl.java::521::main

[LOG] 8078) Sending datamessage of seqnum 3
|_APLImpl.java::109::main

[LOG] Getting or generating secret key
|_APLImpl.java::521::main

[LOG] 8078) Sending datamessage of seqnum 4
|_APLImpl.java::109::main

[LOG] Getting or generating secret key
|_APLImpl.java::521::main

[LOG] 8078) Sending datamessage of seqnum 5
|_APLImpl.java::109::main

[LOG] Getting or generating secret key
|_APLImpl.java::521::main

[LOG] 8078) Sending datamessage of seqnum 6
|_APLImpl.java::109::main

[LOG] Current key: null
|_APLImpl.java::282::Thread-6

[LOG] Received key: javax.crypto.spec.SecretKeySpec@87a064cf
|_APLImpl.java::286::Thread-6

[LOG] Socket closed, stopping listener.
|_AplManager.java::227::Thread-5

]]></system-err>
  </testcase>
  <testcase name="testHmacVerification" classname="pt.tecnico.ulisboa.AuthenticatedPerfectLinkTests" time="2.317">
    <system-err><![CDATA[[LOG] Socket closed, stopping listener.
|_AplManager.java::227::Thread-6

[LOG] Creating shared socket - IP: 127.0.0.1 Port: 8079
|_AplManager.java::38::main

[LOG] Creating shared socket - IP: 127.0.0.1 Port: 8078
|_AplManager.java::38::main

[LOG] Getting or generating secret key
|_APLImpl.java::521::main

[LOG] Generating new secret key
|_APLImpl.java::524::main

[LOG] Port: 8078 Next seqnum: 2
|_APLImpl.java::543::main

[LOG] Sending key: javax.crypto.spec.SecretKeySpec@87a064cf
|_APLImpl.java::548::main

[LOG] Port: 8078 Next seqnum: 3
|_APLImpl.java::153::main

[LOG] Received key message
|_APLImpl.java::273::Thread-8

[LOG] Current key: null
|_APLImpl.java::282::Thread-8

[LOG] Received key: javax.crypto.spec.SecretKeySpec@87a064cf
|_APLImpl.java::286::Thread-8

[LOG] Error receiving packetjava.io.StreamCorruptedException: invalid stream header: 01000000
|_AplManager.java::232::Thread-8

[LOG] 8078) Retransmitting message with seqNum: 2
Waited cooldown: 300ms
|_APLImpl.java::469::pool-8-thread-1

[LOG] Authentication failed for message
|_APLImpl.java::334::Thread-8

[LOG] Socket closed, stopping listener.
|_AplManager.java::227::Thread-7

]]></system-err>
  </testcase>
  <testcase name="testMessageDeliveryWithNetworkPartition" classname="pt.tecnico.ulisboa.AuthenticatedPerfectLinkTests" time="1.923">
    <system-err><![CDATA[[LOG] Socket closed, stopping listener.
|_AplManager.java::227::Thread-8

[LOG] Creating shared socket - IP: 127.0.0.1 Port: 8079
|_AplManager.java::38::main

[LOG] Creating shared socket - IP: 127.0.0.1 Port: 8078
|_AplManager.java::38::main

[LOG] AplManager is now Not listening.
|_AplManager.java::248::main

[LOG] Getting or generating secret key
|_APLImpl.java::521::main

[LOG] Generating new secret key
|_APLImpl.java::524::main

[LOG] Port: 8078 Next seqnum: 2
|_APLImpl.java::543::main

[LOG] Sending key: javax.crypto.spec.SecretKeySpec@87a064cf
|_APLImpl.java::548::main

[LOG] Not listening, dropping packet.
|_AplManager.java::169::Thread-10

[LOG] 8078) Sending datamessage of seqnum 2
|_APLImpl.java::109::main

[LOG] Not listening, dropping packet.
|_AplManager.java::169::Thread-10

[LOG] AplManager is now listening.
|_AplManager.java::248::main

[LOG] 8078) Retransmitting message with seqNum: 1
Waited cooldown: 300ms
|_APLImpl.java::469::pool-10-thread-1

[LOG] 8078) Retransmitting message with seqNum: 2
Waited cooldown: 300ms
|_APLImpl.java::469::pool-10-thread-1

[LOG] Received key message
|_APLImpl.java::273::Thread-10

[LOG] Current key: null
|_APLImpl.java::282::Thread-10

[LOG] Received key: javax.crypto.spec.SecretKeySpec@87a064cf
|_APLImpl.java::286::Thread-10

[LOG] Socket closed, stopping listener.
|_AplManager.java::227::Thread-9

]]></system-err>
  </testcase>
  <testcase name="testMessageDeliveryAfterTimeout" classname="pt.tecnico.ulisboa.AuthenticatedPerfectLinkTests" time="3.023">
    <system-err><![CDATA[[LOG] Socket closed, stopping listener.
|_AplManager.java::227::Thread-10

[LOG] Creating shared socket - IP: 127.0.0.1 Port: 8079
|_AplManager.java::38::main

[LOG] Creating shared socket - IP: 127.0.0.1 Port: 8078
|_AplManager.java::38::main

[LOG] AplManager is now Not listening.
|_AplManager.java::248::main

[LOG] Getting or generating secret key
|_APLImpl.java::521::main

[LOG] Generating new secret key
|_APLImpl.java::524::main

[LOG] Port: 8078 Next seqnum: 2
|_APLImpl.java::543::main

[LOG] Sending key: javax.crypto.spec.SecretKeySpec@87a064cf
|_APLImpl.java::548::main

[LOG] Not listening, dropping packet.
|_AplManager.java::169::Thread-12

[LOG] Timeout set to 0
|_DataMessage.java::22::main

[LOG] Not listening, dropping packet.
|_AplManager.java::169::Thread-12

[LOG] Getting or generating secret key
|_APLImpl.java::521::main

[LOG] 8078) Sending datamessage of seqnum 3
|_APLImpl.java::109::main

[LOG] Not listening, dropping packet.
|_AplManager.java::169::Thread-12

[LOG] Receiver is listening: false
|_AuthenticatedPerfectLinkTests.java::380::main

[LOG] Message timed out: 2
|_APLImpl.java::409::pool-12-thread-1

[LOG] aqui
|_APLImpl.java::418::pool-12-thread-1

[LOG] aqui
|_APLImpl.java::418::pool-12-thread-1

[LOG] aqui
|_APLImpl.java::418::pool-12-thread-1

[LOG] aqui
|_APLImpl.java::418::pool-12-thread-1

[LOG] aqui
|_APLImpl.java::418::pool-12-thread-1

[LOG] aqui
|_APLImpl.java::418::pool-12-thread-1

[LOG] aqui
|_APLImpl.java::418::pool-12-thread-1

[LOG] aqui
|_APLImpl.java::418::pool-12-thread-1

[LOG] aqui
|_APLImpl.java::418::pool-12-thread-1

[LOG] aqui
|_APLImpl.java::418::pool-12-thread-1

[LOG] aqui
|_APLImpl.java::418::pool-12-thread-1

[LOG] aqui
|_APLImpl.java::418::pool-12-thread-1

[LOG] aqui
|_APLImpl.java::418::pool-12-thread-1

[LOG] aqui
|_APLImpl.java::418::pool-12-thread-1

[LOG] aqui
|_APLImpl.java::418::pool-12-thread-1

[LOG] aqui
|_APLImpl.java::418::pool-12-thread-1

[LOG] aqui
|_APLImpl.java::418::pool-12-thread-1

[LOG] aqui
|_APLImpl.java::418::pool-12-thread-1

[LOG] aqui
|_APLImpl.java::418::pool-12-thread-1

[LOG] aqui
|_APLImpl.java::418::pool-12-thread-1

[LOG] Timed out messages: [2]
|_APLImpl.java::421::pool-12-thread-1

[LOG] Pending messages: [1, 2, 3]
|_APLImpl.java::423::pool-12-thread-1

[LOG] Decreasing every message's seqnum
|_APLImpl.java::428::pool-12-thread-1

[LOG] Port: 8078 Next seqnum: 3
|_APLImpl.java::456::pool-12-thread-1

[LOG] Pending messages after: [1, 2]
|_APLImpl.java::459::pool-12-thread-1

[LOG] 8078) Retransmitting message with seqNum: 1
Waited cooldown: 300ms
|_APLImpl.java::469::pool-12-thread-1

[LOG] 8078) Retransmitting message with seqNum: 2
Waited cooldown: 300ms
|_APLImpl.java::469::pool-12-thread-1

[LOG] Not listening, dropping packet.
|_AplManager.java::169::Thread-12

[LOG] Not listening, dropping packet.
|_AplManager.java::169::Thread-12

[LOG] AplManager is now listening.
|_AplManager.java::248::main

[LOG] 8078) Retransmitting message with seqNum: 1
Waited cooldown: 600ms
|_APLImpl.java::469::pool-12-thread-1

[LOG] 8078) Retransmitting message with seqNum: 2
Waited cooldown: 600ms
|_APLImpl.java::469::pool-12-thread-1

[LOG] Received key message
|_APLImpl.java::273::Thread-12

[LOG] Current key: null
|_APLImpl.java::282::Thread-12

[LOG] Received key: javax.crypto.spec.SecretKeySpec@87a064cf
|_APLImpl.java::286::Thread-12

[LOG] Received timeout message: This message should still be delivered
|_AuthenticatedPerfectLinkTests.java::356::Thread-12

[LOG] Socket closed, stopping listener.
|_AplManager.java::227::Thread-11

]]></system-err>
  </testcase>
  <testcase name="testAttackerImpersonatingServer" classname="pt.tecnico.ulisboa.AuthenticatedPerfectLinkTests" time="2.346">
    <system-err><![CDATA[[LOG] Socket closed, stopping listener.
|_AplManager.java::227::Thread-12

[LOG] Creating shared socket - IP: 127.0.0.1 Port: 8079
|_AplManager.java::38::main

[LOG] Creating shared socket - IP: 127.0.0.1 Port: 8078
|_AplManager.java::38::main

[LOG] Creating shared socket - IP: 127.0.0.1 Port: 8077
|_AplManager.java::38::main

[LOG] Getting or generating secret key
|_APLImpl.java::521::main

[LOG] Generating new secret key
|_APLImpl.java::524::main

[LOG] Port: 8078 Next seqnum: 2
|_APLImpl.java::543::main

[LOG] Sending key: javax.crypto.spec.SecretKeySpec@87a064cf
|_APLImpl.java::548::main

[LOG] 8078) Sending datamessage of seqnum 2
|_APLImpl.java::109::main

[LOG] Received key message
|_APLImpl.java::273::Thread-14

[LOG] Current key: null
|_APLImpl.java::282::Thread-14

[LOG] Received key: javax.crypto.spec.SecretKeySpec@87a064cf
|_APLImpl.java::286::Thread-14

[LOG] Getting or generating secret key
|_APLImpl.java::521::main

[LOG] Generating new secret key
|_APLImpl.java::524::main

[LOG] Port: 8078 Next seqnum: 2
|_APLImpl.java::543::main

[LOG] Sending key: javax.crypto.spec.SecretKeySpec@87a064cf
|_APLImpl.java::548::main

[LOG] 8078) Sending datamessage of seqnum 2
|_APLImpl.java::109::main

[LOG] Received packet from unknown sender: 127.0.0.1:8077.
|_AplManager.java::175::Thread-14

[LOG] Dropping packet.
|_ServerAplManager.java::19::Thread-14

[LOG] Received packet from unknown sender: 127.0.0.1:8077.
|_AplManager.java::175::Thread-14

[LOG] Dropping packet.
|_ServerAplManager.java::19::Thread-14

[LOG] Socket closed, stopping listener.
|_AplManager.java::227::Thread-13

]]></system-err>
  </testcase>
</testsuite>