<?xml version="1.0" encoding="UTF-8"?>
<testsuite xmlns:xsi="http://www.w3.org/2001/XMLSchema-instance" xsi:noNamespaceSchemaLocation="https://maven.apache.org/surefire/maven-surefire-plugin/xsd/surefire-test-report-3.0.xsd" version="3.0" name="pt.tecnico.ulisboa.ISTCoinTest" time="1.453" tests="9" errors="0" skipped="0" failures="0">
  <properties>
[...]
</properties>
  <testcase name="testBlacklistingAndRemoval" classname="pt.tecnico.ulisboa.ISTCoinTest" time="0.984">
    <system-err><![CDATA[SLF4J(W): No SLF4J providers were found.
SLF4J(W): Defaulting to no-operation (NOP) logger implementation
SLF4J(W): See https://www.slf4j.org/codes.html#noProviders for further details.
]]></system-err>
  </testcase>
  <testcase name="testOwnerCannotBuyTokens" classname="pt.tecnico.ulisboa.ISTCoinTest" time="0.033"/>
  <testcase name="testBuyTokens" classname="pt.tecnico.ulisboa.ISTCoinTest" time="0.082"/>
  <testcase name="testTransferToBlacklistedAddressFails" classname="pt.tecnico.ulisboa.ISTCoinTest" time="0.062"/>
  <testcase name="testApproveAndTransferFromWithBlacklist" classname="pt.tecnico.ulisboa.ISTCoinTest" time="0.111"/>
  <testcase name="testBalanceOf" classname="pt.tecnico.ulisboa.ISTCoinTest" time="0.01"/>
  <testcase name="testApproveAndAllowance" classname="pt.tecnico.ulisboa.ISTCoinTest" time="0.031"/>
  <testcase name="testApproveAndTransferFrom" classname="pt.tecnico.ulisboa.ISTCoinTest" time="0.055"/>
  <testcase name="testTokenTransfer" classname="pt.tecnico.ulisboa.ISTCoinTest" time="0.027"/>
</testsuite>